TF Cosnine
NewsID 	 Score
News12428 	 0.3081677348120345
News12780 	 0.23885047791593325
News3627 	 0.226576418945875
News10664 	 0.226576418945875
News6525 	 0.22133865517884901
News5680 	 0.21833509014547903
News6825 	 0.2138264435772277
News11176 	 0.18861080692207474
News13724 	 0.187010339595136
News11252 	 0.18645723888466015

TF-IDF Cosnine
NewsID 	 Score
News12428 	 0.34645361223776
News12780 	 0.30378505222093233
News13724 	 0.28695833278557376
News10152 	 0.2557276909344828
News10184 	 0.18895653396298692
News12944 	 0.15405612325421203
News3627 	 0.1311320952552873
News10664 	 0.1311320952552873
News6825 	 0.12775594312465818
News6525 	 0.12723709474226214

TF Euclidean
NewsID 	 Score
News561 	 4.261177885337313
News13136 	 11.31909486536611
News9700 	 13.261743594237748
News5680 	 13.763949731036709
News3951 	 14.081833742771456
News5668 	 14.178038168082375
News12524 	 14.26623580015148
News8498 	 14.46825264681195
News7998 	 14.46825264681195
News8658 	 14.46825264681195

TF-IDF Euclidean
NewsID 	 Score
News561 	 8.990915860815187
News13136 	 13.813067712022834
News5680 	 15.312760430931958
News9700 	 15.44515374494784
News3951 	 15.917655210751901
News5668 	 15.926591327357542
News12524 	 16.315771969211085
News8498 	 16.492703407802836
News7998 	 16.492703407802836
News8658 	 16.492703407802836

-------------------------

TF-IDF Cosnine
NewsID 	 Score
News10184 	 0.40351031541325066
News13724 	 0.3117820066245793
News10152 	 0.2749177160008186
News10355 	 0.2705595046418136
News12944 	 0.182264486767267
News13968 	 0.15957252086193424
News12912 	 0.14478352432893893
News11228 	 0.1322793252114121
News9270 	 0.1318471895288117
News9380 	 0.1266645900291561

Relevance Feedback (Re-ranked)
NewsID 	 Score
News10184 	 0.9335573188942476
News13724 	 0.24427210230608984
News10152 	 0.21539000654893592
News10355 	 0.21197547515091233
News12944 	 0.14279890568537676
News13796 	 0.10280089510134706
News9740 	 0.10215337181156647
News5912 	 0.09038329776517004
News6632 	 0.08707182846102601
News6365 	 0.08492647705352355

-------------------------

TF Cosnine
NewsID 	 Score
News1697 	 0.26751484597940006
News870 	 0.20436149277539373
News2054 	 0.20188459599857042
News2081 	 0.1991667029288841
News166 	 0.19303226784649463
News1083 	 0.19246321397979177
News125 	 0.1910573683011366
News2124 	 0.17753741172922108
News2295 	 0.17216151139985053
News215 	 0.17012721420408008

TF-IDF Cosnine
NewsID 	 Score
News1697 	 0.3289462065512884
News870 	 0.23422134136875086
News166 	 0.21119777523530497
News215 	 0.2049732820546842
News2295 	 0.1973165276124843
News2054 	 0.19175859580674975
News125 	 0.17220855535086776
News1815 	 0.16394048076103718
News1487 	 0.143740215637719
News687 	 0.14205424092466748

-------------------------

MRR: 0.59405
MAP: 0.49847
Recall: 0.32895
